2024-12-05 09:26:00,627 P628332 INFO Using GPU...
2024-12-05 09:26:00,627 P628332 INFO Load from ./chunks/SN
2024-12-05 09:27:01,626 P628432 INFO Using GPU...
2024-12-05 09:27:01,626 P628432 INFO Load from ./chunks/SN
2024-12-05 09:27:57,426 P628517 INFO Using GPU...
2024-12-05 09:27:57,427 P628517 INFO Load from ./chunks/SN
2024-12-05 09:28:16,388 P628605 INFO Using GPU...
2024-12-05 09:28:16,388 P628605 INFO Load from ./chunks/SN
2024-12-05 09:32:39,060 P628760 INFO Load from ./chunks/SN
2024-12-05 09:33:31,219 P628875 INFO Load from ./chunks/SN
2024-12-05 09:34:13,032 P628993 INFO Load from ./chunks/SN
2024-12-05 09:34:15,070 P628993 INFO Epoch 1/50, training loss: 1.42913 [1.06s]
2024-12-05 09:34:15,930 P628993 INFO Epoch 2/50, training loss: 1.14469 [0.86s]
2024-12-05 09:34:16,821 P628993 INFO Epoch 3/50, training loss: 0.83171 [0.89s]
2024-12-05 09:34:17,724 P628993 INFO Epoch 4/50, training loss: 0.61964 [0.90s]
2024-12-05 09:34:18,601 P628993 INFO Epoch 5/50, training loss: 0.50720 [0.88s]
2024-12-05 09:34:19,464 P628993 INFO Epoch 6/50, training loss: 0.42491 [0.86s]
2024-12-05 09:34:20,344 P628993 INFO Epoch 7/50, training loss: 0.35215 [0.88s]
2024-12-05 09:34:21,193 P628993 INFO Epoch 8/50, training loss: 0.31086 [0.85s]
2024-12-05 09:34:22,083 P628993 INFO Epoch 9/50, training loss: 0.27198 [0.89s]
2024-12-05 09:34:58,088 P630747 INFO Load from ./chunks/SN
2024-12-05 09:35:00,156 P630747 INFO Epoch 1/50, training loss: 1.42913 [1.08s]
2024-12-05 09:35:01,025 P630747 INFO Epoch 2/50, training loss: 1.14469 [0.87s]
2024-12-05 09:35:01,903 P630747 INFO Epoch 3/50, training loss: 0.83171 [0.88s]
2024-12-05 09:35:02,778 P630747 INFO Epoch 4/50, training loss: 0.61964 [0.87s]
2024-12-05 09:35:03,672 P630747 INFO Epoch 5/50, training loss: 0.50720 [0.89s]
2024-12-05 09:35:04,549 P630747 INFO Epoch 6/50, training loss: 0.42491 [0.88s]
2024-12-05 09:35:05,413 P630747 INFO Epoch 7/50, training loss: 0.35215 [0.86s]
2024-12-05 09:35:06,298 P630747 INFO Epoch 8/50, training loss: 0.31086 [0.88s]
2024-12-05 09:35:07,189 P630747 INFO Epoch 9/50, training loss: 0.27198 [0.89s]
2024-12-05 09:35:08,631 P630747 INFO Test -- F1: 0.9355, Rec: 0.9450, Pre: 0.9261, HR@1: 0.7764, ndcg@1: 0.7764, HR@3: 0.8307, ndcg@3: 0.8089, HR@5: 0.8326, ndcg@5: 0.8096
2024-12-05 09:35:09,517 P630747 INFO Epoch 10/50, training loss: 0.25807 [0.88s]
2024-12-05 09:35:10,439 P630747 INFO Epoch 11/50, training loss: 0.21538 [0.92s]
2024-12-05 09:35:11,320 P630747 INFO Epoch 12/50, training loss: 0.19843 [0.88s]
2024-12-05 09:35:12,191 P630747 INFO Epoch 13/50, training loss: 0.19741 [0.87s]
2024-12-05 09:35:13,067 P630747 INFO Epoch 14/50, training loss: 0.18202 [0.88s]
2024-12-05 09:35:13,962 P630747 INFO Epoch 15/50, training loss: 0.16445 [0.89s]
2024-12-05 09:35:14,835 P630747 INFO Epoch 16/50, training loss: 0.15172 [0.87s]
2024-12-05 09:35:15,709 P630747 INFO Epoch 17/50, training loss: 0.21681 [0.87s]
2024-12-05 09:35:16,633 P630747 INFO Epoch 18/50, training loss: 0.17602 [0.92s]
2024-12-05 09:35:17,526 P630747 INFO Epoch 19/50, training loss: 0.17268 [0.89s]
2024-12-05 09:35:18,955 P630747 INFO Test -- F1: 0.9582, Rec: 0.9627, Pre: 0.9538, HR@1: 0.7836, ndcg@1: 0.7836, HR@3: 0.8246, ndcg@3: 0.8090, HR@5: 0.8265, ndcg@5: 0.8097
2024-12-05 09:35:19,831 P630747 INFO Epoch 20/50, training loss: 0.14881 [0.87s]
2024-12-05 09:35:20,710 P630747 INFO Epoch 21/50, training loss: 0.14379 [0.88s]
2024-12-05 09:35:21,592 P630747 INFO Epoch 22/50, training loss: 0.12159 [0.88s]
2024-12-05 09:35:22,468 P630747 INFO Epoch 23/50, training loss: 0.12497 [0.88s]
2024-12-05 09:35:23,356 P630747 INFO Epoch 24/50, training loss: 0.14305 [0.89s]
2024-12-05 09:35:24,219 P630747 INFO Epoch 25/50, training loss: 0.12727 [0.86s]
2024-12-05 09:35:25,107 P630747 INFO Epoch 26/50, training loss: 0.10601 [0.89s]
2024-12-05 09:35:25,984 P630747 INFO Epoch 27/50, training loss: 0.09621 [0.88s]
2024-12-05 09:35:26,853 P630747 INFO Epoch 28/50, training loss: 0.09139 [0.87s]
2024-12-05 09:35:27,717 P630747 INFO Epoch 29/50, training loss: 0.12796 [0.86s]
2024-12-05 09:35:29,192 P630747 INFO Test -- F1: 0.9691, Rec: 0.9900, Pre: 0.9490, HR@1: 0.8179, ndcg@1: 0.8179, HR@3: 0.8561, ndcg@3: 0.8417, HR@5: 0.8592, ndcg@5: 0.8431
2024-12-05 09:35:30,072 P630747 INFO Epoch 30/50, training loss: 0.15471 [0.88s]
2024-12-05 09:35:30,951 P630747 INFO Epoch 31/50, training loss: 0.11710 [0.88s]
2024-12-05 09:35:31,847 P630747 INFO Epoch 32/50, training loss: 0.09423 [0.90s]
2024-12-05 09:35:32,731 P630747 INFO Epoch 33/50, training loss: 0.08195 [0.88s]
2024-12-05 09:35:33,608 P630747 INFO Epoch 34/50, training loss: 0.07616 [0.88s]
2024-12-05 09:35:34,485 P630747 INFO Epoch 35/50, training loss: 0.07243 [0.88s]
2024-12-05 09:35:35,374 P630747 INFO Epoch 36/50, training loss: 0.07026 [0.89s]
2024-12-05 09:35:36,243 P630747 INFO Epoch 37/50, training loss: 0.06631 [0.87s]
2024-12-05 09:35:37,102 P630747 INFO Epoch 38/50, training loss: 0.07214 [0.86s]
2024-12-05 09:35:37,968 P630747 INFO Epoch 39/50, training loss: 0.09545 [0.87s]
2024-12-05 09:35:39,416 P630747 INFO Test -- F1: 0.9791, Rec: 0.9835, Pre: 0.9746, HR@1: 0.7678, ndcg@1: 0.7678, HR@3: 0.8288, ndcg@3: 0.8061, HR@5: 0.8294, ndcg@5: 0.8064
2024-12-05 09:35:40,290 P630747 INFO Epoch 40/50, training loss: 0.10773 [0.87s]
2024-12-05 09:35:41,140 P630747 INFO Epoch 41/50, training loss: 0.08531 [0.85s]
2024-12-05 09:35:42,028 P630747 INFO Epoch 42/50, training loss: 0.08385 [0.89s]
2024-12-05 09:35:42,927 P630747 INFO Epoch 43/50, training loss: 0.06844 [0.90s]
2024-12-05 09:35:43,827 P630747 INFO Epoch 44/50, training loss: 0.05295 [0.90s]
2024-12-05 09:35:44,699 P630747 INFO Epoch 45/50, training loss: 0.04439 [0.87s]
2024-12-05 09:35:45,575 P630747 INFO Epoch 46/50, training loss: 0.04740 [0.88s]
2024-12-05 09:35:46,463 P630747 INFO Epoch 47/50, training loss: 0.05890 [0.89s]
2024-12-05 09:35:47,343 P630747 INFO Epoch 48/50, training loss: 0.06338 [0.88s]
2024-12-05 09:35:48,225 P630747 INFO Epoch 49/50, training loss: 0.04751 [0.88s]
2024-12-05 09:35:49,704 P630747 INFO Test -- F1: 0.9819, Rec: 0.9713, Pre: 0.9927, HR@1: 0.7887, ndcg@1: 0.7887, HR@3: 0.8013, ndcg@3: 0.7966, HR@5: 0.8025, ndcg@5: 0.7971
2024-12-05 09:35:50,605 P630747 INFO Epoch 50/50, training loss: 0.04545 [0.90s]
2024-12-05 09:35:50,605 P630747 INFO * Best result got at epoch 29 with HR@1: 0.8179
2024-12-05 09:35:50,605 P630747 INFO Current hash_id 78e573d7
2025-09-24 20:33:13,410 P228100 INFO Using GPU...
2025-09-24 20:33:13,410 P228100 INFO Load from ./chunks/SN
2025-09-24 20:33:18,379 P228100 INFO Epoch 1/50, training loss: 1.43951 [3.03s]
2025-09-24 20:33:18,981 P228100 INFO Epoch 2/50, training loss: 1.17758 [0.60s]
2025-09-24 20:33:19,580 P228100 INFO Epoch 3/50, training loss: 0.84880 [0.60s]
2025-09-24 20:33:20,375 P228100 INFO Epoch 4/50, training loss: 0.60215 [0.79s]
2025-09-24 20:33:20,964 P228100 INFO Epoch 5/50, training loss: 0.48483 [0.59s]
2025-09-24 20:33:21,572 P228100 INFO Epoch 6/50, training loss: 0.39824 [0.61s]
2025-09-24 20:33:22,145 P228100 INFO Epoch 7/50, training loss: 0.34794 [0.57s]
2025-09-24 20:33:22,714 P228100 INFO Epoch 8/50, training loss: 0.31126 [0.57s]
2025-09-24 20:33:23,323 P228100 INFO Epoch 9/50, training loss: 0.30871 [0.61s]
2025-09-24 20:33:25,236 P228100 INFO Test -- F1: 0.9315, Rec: 0.9380, Pre: 0.9252, HR@1: 0.8578, ndcg@1: 0.8578, HR@3: 0.9307, ndcg@3: 0.9017, HR@5: 0.9344, ndcg@5: 0.9032
2025-09-24 20:33:25,898 P228100 INFO Epoch 10/50, training loss: 0.26291 [0.66s]
2025-09-24 20:33:26,626 P228100 INFO Epoch 11/50, training loss: 0.22756 [0.73s]
2025-09-24 20:33:27,241 P228100 INFO Epoch 12/50, training loss: 0.20241 [0.61s]
2025-09-24 20:33:27,851 P228100 INFO Epoch 13/50, training loss: 0.19976 [0.61s]
2025-09-24 20:33:28,518 P228100 INFO Epoch 14/50, training loss: 0.17513 [0.67s]
2025-09-24 20:33:29,133 P228100 INFO Epoch 15/50, training loss: 0.16722 [0.61s]
2025-09-24 20:33:29,785 P228100 INFO Epoch 16/50, training loss: 0.15161 [0.65s]
2025-09-24 20:33:30,397 P228100 INFO Epoch 17/50, training loss: 0.15012 [0.61s]
2025-09-24 20:33:31,010 P228100 INFO Epoch 18/50, training loss: 0.12264 [0.61s]
2025-09-24 20:33:31,657 P228100 INFO Epoch 19/50, training loss: 0.11979 [0.65s]
2025-09-24 20:33:33,571 P228100 INFO Test -- F1: 0.9483, Rec: 0.9227, Pre: 0.9753, HR@1: 0.8972, ndcg@1: 0.8972, HR@3: 0.9205, ndcg@3: 0.9117, HR@5: 0.9212, ndcg@5: 0.9120
2025-09-24 20:33:34,169 P228100 INFO Epoch 20/50, training loss: 0.14278 [0.59s]
2025-09-24 20:33:34,944 P228100 INFO Epoch 21/50, training loss: 0.12049 [0.77s]
2025-09-24 20:33:35,554 P228100 INFO Epoch 22/50, training loss: 0.10828 [0.61s]
2025-09-24 20:33:36,145 P228100 INFO Epoch 23/50, training loss: 0.09816 [0.59s]
2025-09-24 20:33:36,768 P228100 INFO Epoch 24/50, training loss: 0.09133 [0.62s]
2025-09-24 20:33:37,363 P228100 INFO Epoch 25/50, training loss: 0.09712 [0.59s]
2025-09-24 20:33:37,964 P228100 INFO Epoch 26/50, training loss: 0.09741 [0.60s]
2025-09-24 20:33:38,560 P228100 INFO Epoch 27/50, training loss: 0.07733 [0.60s]
2025-09-24 20:33:39,197 P228100 INFO Epoch 28/50, training loss: 0.07278 [0.64s]
2025-09-24 20:33:39,846 P228100 INFO Epoch 29/50, training loss: 0.08865 [0.65s]
2025-09-24 20:33:42,065 P228100 INFO Test -- F1: 0.9695, Rec: 0.9745, Pre: 0.9646, HR@1: 0.9475, ndcg@1: 0.9475, HR@3: 0.9723, ndcg@3: 0.9628, HR@5: 0.9745, ndcg@5: 0.9638
2025-09-24 20:33:42,669 P228100 INFO Epoch 30/50, training loss: 0.11086 [0.60s]
2025-09-24 20:33:43,241 P228100 INFO Epoch 31/50, training loss: 0.10030 [0.57s]
2025-09-24 20:33:43,832 P228100 INFO Epoch 32/50, training loss: 0.07776 [0.59s]
2025-09-24 20:33:44,492 P228100 INFO Epoch 33/50, training loss: 0.06570 [0.66s]
2025-09-24 20:33:45,233 P228100 INFO Epoch 34/50, training loss: 0.06317 [0.74s]
2025-09-24 20:33:46,013 P228100 INFO Epoch 35/50, training loss: 0.06124 [0.78s]
2025-09-24 20:33:46,742 P228100 INFO Epoch 36/50, training loss: 0.05701 [0.73s]
2025-09-24 20:33:47,420 P228100 INFO Epoch 37/50, training loss: 0.05332 [0.68s]
2025-09-24 20:33:48,060 P228100 INFO Epoch 38/50, training loss: 0.04218 [0.64s]
2025-09-24 20:33:48,650 P228100 INFO Epoch 39/50, training loss: 0.04855 [0.59s]
2025-09-24 20:33:50,787 P228100 INFO Test -- F1: 0.9804, Rec: 0.9876, Pre: 0.9734, HR@1: 0.9613, ndcg@1: 0.9613, HR@3: 0.9876, ndcg@3: 0.9776, HR@5: 0.9876, ndcg@5: 0.9776
2025-09-24 20:33:51,398 P228100 INFO Epoch 40/50, training loss: 0.04990 [0.61s]
2025-09-24 20:33:52,065 P228100 INFO Epoch 41/50, training loss: 0.05247 [0.67s]
2025-09-24 20:33:52,675 P228100 INFO Epoch 42/50, training loss: 0.04943 [0.61s]
2025-09-24 20:33:53,308 P228100 INFO Epoch 43/50, training loss: 0.05236 [0.63s]
2025-09-24 20:33:53,941 P228100 INFO Epoch 44/50, training loss: 0.04436 [0.63s]
2025-09-24 20:33:54,664 P228100 INFO Epoch 45/50, training loss: 0.04515 [0.72s]
2025-09-24 20:33:55,258 P228100 INFO Epoch 46/50, training loss: 0.04103 [0.59s]
2025-09-24 20:33:55,843 P228100 INFO Epoch 47/50, training loss: 0.05242 [0.58s]
2025-09-24 20:33:56,451 P228100 INFO Epoch 48/50, training loss: 0.05156 [0.61s]
2025-09-24 20:33:57,018 P228100 INFO Epoch 49/50, training loss: 0.04530 [0.57s]
2025-09-24 20:33:58,958 P228100 INFO Test -- F1: 0.9802, Rec: 0.9920, Pre: 0.9687, HR@1: 0.9679, ndcg@1: 0.9679, HR@3: 0.9920, ndcg@3: 0.9826, HR@5: 0.9920, ndcg@5: 0.9826
2025-09-24 20:33:59,584 P228100 INFO Epoch 50/50, training loss: 0.03268 [0.62s]
2025-09-24 20:33:59,584 P228100 INFO * Best result got at epoch 49 with HR@1: 0.9679
2025-09-24 20:33:59,584 P228100 INFO Current hash_id 78e573d7
 